  Minesweeper.cpp
C:\Users\Granko\Desktop\Academics\Fall 2021\COP3503 C++\Project 3 - Minesweeper\Minesweeper\Minesweeper\Board.h(451,24): warning C4018: '>=': signed/unsigned mismatch
C:\Users\Granko\Desktop\Academics\Fall 2021\COP3503 C++\Project 3 - Minesweeper\Minesweeper\Minesweeper\Minesweeper.cpp(22,72): warning C4244: 'argument': conversion from 'unsigned int' to 'T', possible loss of data
          with
          [
              T=float
          ]
C:\Users\Granko\Desktop\Academics\Fall 2021\COP3503 C++\Project 3 - Minesweeper\Minesweeper\Minesweeper\Minesweeper.cpp(22,56): warning C4244: 'argument': conversion from 'unsigned int' to 'T', possible loss of data
          with
          [
              T=float
          ]
C:\Users\Granko\Desktop\Academics\Fall 2021\COP3503 C++\Project 3 - Minesweeper\Minesweeper\Minesweeper\Minesweeper.cpp(49,117): warning C4244: 'argument': conversion from 'T' to 'T', possible loss of data
          with
          [
              T=int
          ]
          and
          [
              T=float
          ]
C:\Users\Granko\Desktop\Academics\Fall 2021\COP3503 C++\Project 3 - Minesweeper\Minesweeper\Minesweeper\Minesweeper.cpp(49,105): warning C4244: 'argument': conversion from 'T' to 'T', possible loss of data
          with
          [
              T=int
          ]
          and
          [
              T=float
          ]
C:\Users\Granko\Desktop\Academics\Fall 2021\COP3503 C++\Project 3 - Minesweeper\Minesweeper\Minesweeper\Minesweeper.cpp(73,103): warning C4244: 'argument': conversion from 'T' to 'T', possible loss of data
          with
          [
              T=int
          ]
          and
          [
              T=float
          ]
C:\Users\Granko\Desktop\Academics\Fall 2021\COP3503 C++\Project 3 - Minesweeper\Minesweeper\Minesweeper\Minesweeper.cpp(73,91): warning C4244: 'argument': conversion from 'T' to 'T', possible loss of data
          with
          [
              T=int
          ]
          and
          [
              T=float
          ]
C:\Users\Granko\Desktop\Academics\Fall 2021\COP3503 C++\Project 3 - Minesweeper\Minesweeper\Minesweeper\Minesweeper.cpp(84,121): warning C4244: 'argument': conversion from 'T' to 'T', possible loss of data
          with
          [
              T=int
          ]
          and
          [
              T=float
          ]
C:\Users\Granko\Desktop\Academics\Fall 2021\COP3503 C++\Project 3 - Minesweeper\Minesweeper\Minesweeper\Minesweeper.cpp(84,109): warning C4244: 'argument': conversion from 'T' to 'T', possible loss of data
          with
          [
              T=int
          ]
          and
          [
              T=float
          ]
C:\Users\Granko\Desktop\Academics\Fall 2021\COP3503 C++\Project 3 - Minesweeper\Minesweeper\Minesweeper\Minesweeper.cpp(94,103): warning C4244: 'argument': conversion from 'T' to 'T', possible loss of data
          with
          [
              T=int
          ]
          and
          [
              T=float
          ]
C:\Users\Granko\Desktop\Academics\Fall 2021\COP3503 C++\Project 3 - Minesweeper\Minesweeper\Minesweeper\Minesweeper.cpp(94,91): warning C4244: 'argument': conversion from 'T' to 'T', possible loss of data
          with
          [
              T=int
          ]
          and
          [
              T=float
          ]
C:\Users\Granko\Desktop\Academics\Fall 2021\COP3503 C++\Project 3 - Minesweeper\Minesweeper\Minesweeper\Minesweeper.cpp(102,108): warning C4244: 'argument': conversion from 'T' to 'T', possible loss of data
          with
          [
              T=int
          ]
          and
          [
              T=float
          ]
C:\Users\Granko\Desktop\Academics\Fall 2021\COP3503 C++\Project 3 - Minesweeper\Minesweeper\Minesweeper\Minesweeper.cpp(102,96): warning C4244: 'argument': conversion from 'T' to 'T', possible loss of data
          with
          [
              T=int
          ]
          and
          [
              T=float
          ]
C:\Users\Granko\Desktop\Academics\Fall 2021\COP3503 C++\Project 3 - Minesweeper\Minesweeper\Minesweeper\Minesweeper.cpp(110,108): warning C4244: 'argument': conversion from 'T' to 'T', possible loss of data
          with
          [
              T=int
          ]
          and
          [
              T=float
          ]
C:\Users\Granko\Desktop\Academics\Fall 2021\COP3503 C++\Project 3 - Minesweeper\Minesweeper\Minesweeper\Minesweeper.cpp(110,96): warning C4244: 'argument': conversion from 'T' to 'T', possible loss of data
          with
          [
              T=int
          ]
          and
          [
              T=float
          ]
C:\Users\Granko\Desktop\Academics\Fall 2021\COP3503 C++\Project 3 - Minesweeper\Minesweeper\Minesweeper\Minesweeper.cpp(118,108): warning C4244: 'argument': conversion from 'T' to 'T', possible loss of data
          with
          [
              T=int
          ]
          and
          [
              T=float
          ]
C:\Users\Granko\Desktop\Academics\Fall 2021\COP3503 C++\Project 3 - Minesweeper\Minesweeper\Minesweeper\Minesweeper.cpp(118,96): warning C4244: 'argument': conversion from 'T' to 'T', possible loss of data
          with
          [
              T=int
          ]
          and
          [
              T=float
          ]
C:\Users\Granko\Desktop\Academics\Fall 2021\COP3503 C++\Project 3 - Minesweeper\Minesweeper\Minesweeper\Minesweeper.cpp(214,49): warning C4244: 'argument': conversion from 'unsigned int' to 'float', possible loss of data
C:\Users\Granko\Desktop\Academics\Fall 2021\COP3503 C++\Project 3 - Minesweeper\Minesweeper\Minesweeper\Minesweeper.cpp(217,45): warning C4244: 'argument': conversion from 'unsigned int' to 'float', possible loss of data
C:\Users\Granko\Desktop\Academics\Fall 2021\COP3503 C++\Project 3 - Minesweeper\Minesweeper\Minesweeper\Minesweeper.cpp(220,45): warning C4244: 'argument': conversion from 'unsigned int' to 'float', possible loss of data
C:\Users\Granko\Desktop\Academics\Fall 2021\COP3503 C++\Project 3 - Minesweeper\Minesweeper\Minesweeper\Minesweeper.cpp(223,45): warning C4244: 'argument': conversion from 'unsigned int' to 'float', possible loss of data
C:\Users\Granko\Desktop\Academics\Fall 2021\COP3503 C++\Project 3 - Minesweeper\Minesweeper\Minesweeper\Minesweeper.cpp(226,45): warning C4244: 'argument': conversion from 'unsigned int' to 'float', possible loss of data
C:\Users\Granko\Desktop\Academics\Fall 2021\COP3503 C++\Project 3 - Minesweeper\Minesweeper\Minesweeper\Minesweeper.cpp(244,29): warning C4018: '>': signed/unsigned mismatch
  Random.cpp
C:\Users\Granko\Desktop\Academics\Fall 2021\COP3503 C++\Project 3 - Minesweeper\Minesweeper\Minesweeper\Random.cpp(4,33): warning C4244: 'argument': conversion from 'time_t' to 'unsigned int', possible loss of data
  TextureManager.cpp
  Generating code
C:\Users\Granko\Desktop\Academics\Fall 2021\COP3503 C++\Project 3 - Minesweeper\Minesweeper\Minesweeper\Board.h(415): warning C4715: 'findTile': not all control paths return a value
  482 of 493 functions (97.8%) were compiled, the rest were copied from previous compilation.
    3 functions were new in current compilation
    2 functions had inline decision re-evaluated but remain unchanged
  Finished generating code
  Minesweeper.vcxproj -> C:\Users\Granko\Desktop\Academics\Fall 2021\COP3503 C++\Project 3 - Minesweeper\Minesweeper\Minesweeper\Release\Minesweeper.exe
